── Attaching core tidyverse packages ──────────────────────── tidyverse 2.0.0 ──
✔ dplyr     1.1.2     ✔ readr     2.1.4
✔ forcats   1.0.0     ✔ stringr   1.5.0
✔ ggplot2   3.4.0     ✔ tibble    3.2.1
✔ lubridate 1.9.2     ✔ tidyr     1.3.0
✔ purrr     1.0.1     
── Conflicts ────────────────────────────────────────── tidyverse_conflicts() ──
✖ dplyr::filter() masks stats::filter()
✖ dplyr::lag()    masks stats::lag()
ℹ Use the conflicted package (<http://conflicted.r-lib.org/>) to force all conflicts to become errors
Loading required package: foreach

Attaching package: ‘foreach’

The following objects are masked from ‘package:purrr’:

    accumulate, when

Loading required package: iterators
Loading required package: parallel

Attaching package: ‘data.table’

The following objects are masked from ‘package:lubridate’:

    hour, isoweek, mday, minute, month, quarter, second, wday, week,
    yday, year

The following objects are masked from ‘package:dplyr’:

    between, first, last

The following object is masked from ‘package:purrr’:

    transpose

[1] "Done with: reading genotypes file for tissue"
[1] "Done with: reading weights file for tissue"
[1] "Done with: imputing tx"
[1] "Done with: keeping all genes"
Rows: 88394 Columns: 41
── Column specification ────────────────────────────────────────────────────────
Delimiter: "\t"
chr  (1): IID
dbl (40): pc_01, pc_02, pc_03, pc_04, pc_05, pc_06, pc_07, pc_08, pc_09, pc_...

ℹ Use `spec()` to retrieve the full column specification for this data.
ℹ Specify the column types or set `show_col_types = FALSE` to quiet this message.
[1] "Done with: correcting imputed tx for genetic PCs"
[1] "Done with: reading mph signature"
[1] "Done with: predicting drug response with scaling option and approach 1"
[1] "Done with: reading genotypes file for tissue"
[1] "Done with: reading weights file for tissue"
[1] "Done with: imputing tx"
[1] "Done with: keeping all genes"
Rows: 88394 Columns: 41
── Column specification ────────────────────────────────────────────────────────
Delimiter: "\t"
chr  (1): IID
dbl (40): pc_01, pc_02, pc_03, pc_04, pc_05, pc_06, pc_07, pc_08, pc_09, pc_...

ℹ Use `spec()` to retrieve the full column specification for this data.
ℹ Specify the column types or set `show_col_types = FALSE` to quiet this message.
[1] "Done with: correcting imputed tx for genetic PCs"
[1] "Done with: reading mph signature"
[1] "Done with: predicting drug response with scaling option and approach 1"
[1] "Done with: reading genotypes file for tissue"
[1] "Done with: reading weights file for tissue"
[1] "Done with: imputing tx"
[1] "Done with: keeping all genes"
Rows: 88394 Columns: 41
── Column specification ────────────────────────────────────────────────────────
Delimiter: "\t"
chr  (1): IID
dbl (40): pc_01, pc_02, pc_03, pc_04, pc_05, pc_06, pc_07, pc_08, pc_09, pc_...

ℹ Use `spec()` to retrieve the full column specification for this data.
ℹ Specify the column types or set `show_col_types = FALSE` to quiet this message.
[1] "Done with: correcting imputed tx for genetic PCs"
[1] "Done with: reading mph signature"
[1] "Done with: predicting drug response without scaling and approach 1"
[1] "Done with: reading genotypes file for tissue"
[1] "Done with: reading weights file for tissue"
[1] "Done with: imputing tx"
[1] "Done with: keeping all genes"
Rows: 88394 Columns: 41
── Column specification ────────────────────────────────────────────────────────
Delimiter: "\t"
chr  (1): IID
dbl (40): pc_01, pc_02, pc_03, pc_04, pc_05, pc_06, pc_07, pc_08, pc_09, pc_...

ℹ Use `spec()` to retrieve the full column specification for this data.
ℹ Specify the column types or set `show_col_types = FALSE` to quiet this message.
[1] "Done with: correcting imputed tx for genetic PCs"
[1] "Done with: reading mph signature"
[1] "Done with: predicting drug response without scaling and approach 1"
[1] "Done with: reading genotypes file for tissue"
[1] "Done with: reading weights file for tissue"
[1] "Done with: imputing tx"
[1] "Done with: keeping all genes"
[1] "Done with: not correcting tx for genetic PCs"
[1] "Done with: reading mph signature"
[1] "Done with: predicting drug response with scaling option and approach 1"
[1] "Done with: reading genotypes file for tissue"
[1] "Done with: reading weights file for tissue"
[1] "Done with: imputing tx"
[1] "Done with: keeping all genes"
[1] "Done with: not correcting tx for genetic PCs"
[1] "Done with: reading mph signature"
[1] "Done with: predicting drug response with scaling option and approach 1"
[1] "Done with: reading genotypes file for tissue"
[1] "Done with: reading weights file for tissue"
[1] "Done with: imputing tx"
[1] "Done with: keeping all genes"
[1] "Done with: not correcting tx for genetic PCs"
[1] "Done with: reading mph signature"
[1] "Done with: predicting drug response without scaling and approach 1"
[1] "Done with: reading genotypes file for tissue"
[1] "Done with: reading weights file for tissue"
[1] "Done with: imputing tx"
[1] "Done with: keeping all genes"
[1] "Done with: not correcting tx for genetic PCs"
[1] "Done with: reading mph signature"
[1] "Done with: predicting drug response without scaling and approach 1"
[1] "Done with: reading genotypes file for tissue"
[1] "Done with: reading weights file for tissue"
[1] "Done with: imputing tx"
[1] "Done with: selecting targets"
Rows: 88394 Columns: 41
── Column specification ────────────────────────────────────────────────────────
Delimiter: "\t"
chr  (1): IID
dbl (40): pc_01, pc_02, pc_03, pc_04, pc_05, pc_06, pc_07, pc_08, pc_09, pc_...

ℹ Use `spec()` to retrieve the full column specification for this data.
ℹ Specify the column types or set `show_col_types = FALSE` to quiet this message.
[1] "Done with: correcting imputed tx for genetic PCs"
[1] "Done with: reading mph signature"
[1] "Done with: predicting drug response with scaling option and approach 1"
[1] "Done with: reading genotypes file for tissue"
[1] "Done with: reading weights file for tissue"
[1] "Done with: imputing tx"
[1] "Done with: selecting targets"
Rows: 88394 Columns: 41
── Column specification ────────────────────────────────────────────────────────
Delimiter: "\t"
chr  (1): IID
dbl (40): pc_01, pc_02, pc_03, pc_04, pc_05, pc_06, pc_07, pc_08, pc_09, pc_...

ℹ Use `spec()` to retrieve the full column specification for this data.
ℹ Specify the column types or set `show_col_types = FALSE` to quiet this message.
[1] "Done with: correcting imputed tx for genetic PCs"
[1] "Done with: reading mph signature"
[1] "Done with: predicting drug response with scaling option and approach 1"
[1] "Done with: reading genotypes file for tissue"
[1] "Done with: reading weights file for tissue"
[1] "Done with: imputing tx"
[1] "Done with: selecting targets"
Rows: 88394 Columns: 41
── Column specification ────────────────────────────────────────────────────────
Delimiter: "\t"
chr  (1): IID
dbl (40): pc_01, pc_02, pc_03, pc_04, pc_05, pc_06, pc_07, pc_08, pc_09, pc_...

ℹ Use `spec()` to retrieve the full column specification for this data.
ℹ Specify the column types or set `show_col_types = FALSE` to quiet this message.
[1] "Done with: correcting imputed tx for genetic PCs"
[1] "Done with: reading mph signature"
[1] "Done with: predicting drug response without scaling and approach 1"
[1] "Done with: reading genotypes file for tissue"
[1] "Done with: reading weights file for tissue"
[1] "Done with: imputing tx"
[1] "Done with: selecting targets"
Rows: 88394 Columns: 41
── Column specification ────────────────────────────────────────────────────────
Delimiter: "\t"
chr  (1): IID
dbl (40): pc_01, pc_02, pc_03, pc_04, pc_05, pc_06, pc_07, pc_08, pc_09, pc_...

ℹ Use `spec()` to retrieve the full column specification for this data.
ℹ Specify the column types or set `show_col_types = FALSE` to quiet this message.
[1] "Done with: correcting imputed tx for genetic PCs"
[1] "Done with: reading mph signature"
[1] "Done with: predicting drug response without scaling and approach 1"
[1] "Done with: reading genotypes file for tissue"
[1] "Done with: reading weights file for tissue"
[1] "Done with: imputing tx"
[1] "Done with: selecting targets"
[1] "Done with: not correcting tx for genetic PCs"
[1] "Done with: reading mph signature"
[1] "Done with: predicting drug response with scaling option and approach 1"
[1] "Done with: reading genotypes file for tissue"
[1] "Done with: reading weights file for tissue"
[1] "Done with: imputing tx"
[1] "Done with: selecting targets"
[1] "Done with: not correcting tx for genetic PCs"
[1] "Done with: reading mph signature"
[1] "Done with: predicting drug response with scaling option and approach 1"
[1] "Done with: reading genotypes file for tissue"
[1] "Done with: reading weights file for tissue"
[1] "Done with: imputing tx"
[1] "Done with: selecting targets"
[1] "Done with: not correcting tx for genetic PCs"
[1] "Done with: reading mph signature"
[1] "Done with: predicting drug response without scaling and approach 1"
[1] "Done with: reading genotypes file for tissue"
[1] "Done with: reading weights file for tissue"
[1] "Done with: imputing tx"
[1] "Done with: selecting targets"
[1] "Done with: not correcting tx for genetic PCs"
[1] "Done with: reading mph signature"
[1] "Done with: predicting drug response without scaling and approach 1"
[1] "Done with: reading genotypes file for celltype"
[1] "Done with: reading weights file for celltype"
[1] "Done with: imputing tx"
[1] "Done with: keeping all genes"
Rows: 88394 Columns: 41
── Column specification ────────────────────────────────────────────────────────
Delimiter: "\t"
chr  (1): IID
dbl (40): pc_01, pc_02, pc_03, pc_04, pc_05, pc_06, pc_07, pc_08, pc_09, pc_...

ℹ Use `spec()` to retrieve the full column specification for this data.
ℹ Specify the column types or set `show_col_types = FALSE` to quiet this message.
[1] "Done with: correcting imputed tx for genetic PCs"
[1] "Done with: reading mph signature"
[1] "Done with: predicting drug response with scaling option and approach 1"
[1] "Done with: reading genotypes file for celltype"
[1] "Done with: reading weights file for celltype"
[1] "Done with: imputing tx"
[1] "Done with: keeping all genes"
Rows: 88394 Columns: 41
── Column specification ────────────────────────────────────────────────────────
Delimiter: "\t"
chr  (1): IID
dbl (40): pc_01, pc_02, pc_03, pc_04, pc_05, pc_06, pc_07, pc_08, pc_09, pc_...

ℹ Use `spec()` to retrieve the full column specification for this data.
ℹ Specify the column types or set `show_col_types = FALSE` to quiet this message.
[1] "Done with: correcting imputed tx for genetic PCs"
[1] "Done with: reading mph signature"
[1] "Done with: predicting drug response with scaling option and approach 1"
[1] "Done with: reading genotypes file for celltype"
[1] "Done with: reading weights file for celltype"
[1] "Done with: imputing tx"
[1] "Done with: keeping all genes"
Rows: 88394 Columns: 41
── Column specification ────────────────────────────────────────────────────────
Delimiter: "\t"
chr  (1): IID
dbl (40): pc_01, pc_02, pc_03, pc_04, pc_05, pc_06, pc_07, pc_08, pc_09, pc_...

ℹ Use `spec()` to retrieve the full column specification for this data.
ℹ Specify the column types or set `show_col_types = FALSE` to quiet this message.
[1] "Done with: correcting imputed tx for genetic PCs"
[1] "Done with: reading mph signature"
[1] "Done with: predicting drug response without scaling and approach 1"
[1] "Done with: reading genotypes file for celltype"
[1] "Done with: reading weights file for celltype"
[1] "Done with: imputing tx"
[1] "Done with: keeping all genes"
Rows: 88394 Columns: 41
── Column specification ────────────────────────────────────────────────────────
Delimiter: "\t"
chr  (1): IID
dbl (40): pc_01, pc_02, pc_03, pc_04, pc_05, pc_06, pc_07, pc_08, pc_09, pc_...

ℹ Use `spec()` to retrieve the full column specification for this data.
ℹ Specify the column types or set `show_col_types = FALSE` to quiet this message.
[1] "Done with: correcting imputed tx for genetic PCs"
[1] "Done with: reading mph signature"
[1] "Done with: predicting drug response without scaling and approach 1"
[1] "Done with: reading genotypes file for celltype"
[1] "Done with: reading weights file for celltype"
[1] "Done with: imputing tx"
[1] "Done with: keeping all genes"
[1] "Done with: not correcting tx for genetic PCs"
[1] "Done with: reading mph signature"
[1] "Done with: predicting drug response with scaling option and approach 1"
[1] "Done with: reading genotypes file for celltype"
[1] "Done with: reading weights file for celltype"
[1] "Done with: imputing tx"
[1] "Done with: keeping all genes"
[1] "Done with: not correcting tx for genetic PCs"
[1] "Done with: reading mph signature"
[1] "Done with: predicting drug response with scaling option and approach 1"
[1] "Done with: reading genotypes file for celltype"
[1] "Done with: reading weights file for celltype"
[1] "Done with: imputing tx"
[1] "Done with: keeping all genes"
[1] "Done with: not correcting tx for genetic PCs"
[1] "Done with: reading mph signature"
[1] "Done with: predicting drug response without scaling and approach 1"
[1] "Done with: reading genotypes file for celltype"
[1] "Done with: reading weights file for celltype"
[1] "Done with: imputing tx"
[1] "Done with: keeping all genes"
[1] "Done with: not correcting tx for genetic PCs"
[1] "Done with: reading mph signature"
[1] "Done with: predicting drug response without scaling and approach 1"
There were 40 warnings (use warnings() to see them)
── Attaching core tidyverse packages ──────────────────────── tidyverse 2.0.0 ──
✔ dplyr     1.1.2     ✔ readr     2.1.4
✔ forcats   1.0.0     ✔ stringr   1.5.0
✔ ggplot2   3.4.0     ✔ tibble    3.2.1
✔ lubridate 1.9.2     ✔ tidyr     1.3.0
✔ purrr     1.0.1     
── Conflicts ────────────────────────────────────────── tidyverse_conflicts() ──
✖ dplyr::filter() masks stats::filter()
✖ dplyr::lag()    masks stats::lag()
ℹ Use the conflicted package (<http://conflicted.r-lib.org/>) to force all conflicts to become errors
Loading required package: foreach

Attaching package: ‘foreach’

The following objects are masked from ‘package:purrr’:

    accumulate, when

Loading required package: iterators
Loading required package: parallel

Attaching package: ‘data.table’

The following objects are masked from ‘package:lubridate’:

    hour, isoweek, mday, minute, month, quarter, second, wday, week,
    yday, year

The following objects are masked from ‘package:dplyr’:

    between, first, last

The following object is masked from ‘package:purrr’:

    transpose

[1] "Done with: reading genotypes file for tissue"
[1] "Done with: reading weights file for tissue"
[1] "Done with: imputing tx"
[1] "Done with: keeping all genes"
Rows: 88394 Columns: 41
── Column specification ────────────────────────────────────────────────────────
Delimiter: "\t"
chr  (1): IID
dbl (40): pc_01, pc_02, pc_03, pc_04, pc_05, pc_06, pc_07, pc_08, pc_09, pc_...

ℹ Use `spec()` to retrieve the full column specification for this data.
ℹ Specify the column types or set `show_col_types = FALSE` to quiet this message.
[1] "Done with: correcting imputed tx for genetic PCs"
[1] "Done with: reading mph signature"
[1] "Done with: predicting drug response with scaling option and approach 1"
[1] "Done with: reading genotypes file for tissue"
[1] "Done with: reading weights file for tissue"
[1] "Done with: imputing tx"
[1] "Done with: keeping all genes"
Rows: 88394 Columns: 41
── Column specification ────────────────────────────────────────────────────────
Delimiter: "\t"
chr  (1): IID
dbl (40): pc_01, pc_02, pc_03, pc_04, pc_05, pc_06, pc_07, pc_08, pc_09, pc_...

ℹ Use `spec()` to retrieve the full column specification for this data.
ℹ Specify the column types or set `show_col_types = FALSE` to quiet this message.
[1] "Done with: correcting imputed tx for genetic PCs"
[1] "Done with: reading mph signature"
[1] "Done with: predicting drug response with scaling option and approach 1"
[1] "Done with: reading genotypes file for tissue"
[1] "Done with: reading weights file for tissue"
[1] "Done with: imputing tx"
[1] "Done with: keeping all genes"
Rows: 88394 Columns: 41
── Column specification ────────────────────────────────────────────────────────
Delimiter: "\t"
chr  (1): IID
dbl (40): pc_01, pc_02, pc_03, pc_04, pc_05, pc_06, pc_07, pc_08, pc_09, pc_...

ℹ Use `spec()` to retrieve the full column specification for this data.
ℹ Specify the column types or set `show_col_types = FALSE` to quiet this message.
[1] "Done with: correcting imputed tx for genetic PCs"
[1] "Done with: reading mph signature"
[1] "Done with: predicting drug response without scaling and approach 1"
[1] "Done with: reading genotypes file for tissue"
[1] "Done with: reading weights file for tissue"
[1] "Done with: imputing tx"
[1] "Done with: keeping all genes"
Rows: 88394 Columns: 41
── Column specification ────────────────────────────────────────────────────────
Delimiter: "\t"
chr  (1): IID
dbl (40): pc_01, pc_02, pc_03, pc_04, pc_05, pc_06, pc_07, pc_08, pc_09, pc_...

ℹ Use `spec()` to retrieve the full column specification for this data.
ℹ Specify the column types or set `show_col_types = FALSE` to quiet this message.
[1] "Done with: correcting imputed tx for genetic PCs"
[1] "Done with: reading mph signature"
[1] "Done with: predicting drug response without scaling and approach 1"
[1] "Done with: reading genotypes file for tissue"
[1] "Done with: reading weights file for tissue"
[1] "Done with: imputing tx"
[1] "Done with: keeping all genes"
[1] "Done with: not correcting tx for genetic PCs"
[1] "Done with: reading mph signature"
[1] "Done with: predicting drug response with scaling option and approach 1"
[1] "Done with: reading genotypes file for tissue"
[1] "Done with: reading weights file for tissue"
[1] "Done with: imputing tx"
[1] "Done with: keeping all genes"
[1] "Done with: not correcting tx for genetic PCs"
[1] "Done with: reading mph signature"
[1] "Done with: predicting drug response with scaling option and approach 1"
[1] "Done with: reading genotypes file for tissue"
[1] "Done with: reading weights file for tissue"
[1] "Done with: imputing tx"
[1] "Done with: keeping all genes"
[1] "Done with: not correcting tx for genetic PCs"
[1] "Done with: reading mph signature"
[1] "Done with: predicting drug response without scaling and approach 1"
[1] "Done with: reading genotypes file for tissue"
[1] "Done with: reading weights file for tissue"
[1] "Done with: imputing tx"
[1] "Done with: keeping all genes"
[1] "Done with: not correcting tx for genetic PCs"
[1] "Done with: reading mph signature"
[1] "Done with: predicting drug response without scaling and approach 1"
[1] "Done with: reading genotypes file for tissue"
[1] "Done with: reading weights file for tissue"
[1] "Done with: imputing tx"
[1] "Done with: selecting targets"
Rows: 88394 Columns: 41
── Column specification ────────────────────────────────────────────────────────
Delimiter: "\t"
chr  (1): IID
dbl (40): pc_01, pc_02, pc_03, pc_04, pc_05, pc_06, pc_07, pc_08, pc_09, pc_...

ℹ Use `spec()` to retrieve the full column specification for this data.
ℹ Specify the column types or set `show_col_types = FALSE` to quiet this message.
[1] "Done with: correcting imputed tx for genetic PCs"
[1] "Done with: reading mph signature"
[1] "Done with: predicting drug response with scaling option and approach 1"
[1] "Done with: reading genotypes file for tissue"
[1] "Done with: reading weights file for tissue"
[1] "Done with: imputing tx"
[1] "Done with: selecting targets"
Rows: 88394 Columns: 41
── Column specification ────────────────────────────────────────────────────────
Delimiter: "\t"
chr  (1): IID
dbl (40): pc_01, pc_02, pc_03, pc_04, pc_05, pc_06, pc_07, pc_08, pc_09, pc_...

ℹ Use `spec()` to retrieve the full column specification for this data.
ℹ Specify the column types or set `show_col_types = FALSE` to quiet this message.
[1] "Done with: correcting imputed tx for genetic PCs"
[1] "Done with: reading mph signature"
[1] "Done with: predicting drug response with scaling option and approach 1"
[1] "Done with: reading genotypes file for tissue"
[1] "Done with: reading weights file for tissue"
[1] "Done with: imputing tx"
[1] "Done with: selecting targets"
Rows: 88394 Columns: 41
── Column specification ────────────────────────────────────────────────────────
Delimiter: "\t"
chr  (1): IID
dbl (40): pc_01, pc_02, pc_03, pc_04, pc_05, pc_06, pc_07, pc_08, pc_09, pc_...

ℹ Use `spec()` to retrieve the full column specification for this data.
ℹ Specify the column types or set `show_col_types = FALSE` to quiet this message.
[1] "Done with: correcting imputed tx for genetic PCs"
[1] "Done with: reading mph signature"
[1] "Done with: predicting drug response without scaling and approach 1"
[1] "Done with: reading genotypes file for tissue"
[1] "Done with: reading weights file for tissue"
[1] "Done with: imputing tx"
[1] "Done with: selecting targets"
Rows: 88394 Columns: 41
── Column specification ────────────────────────────────────────────────────────
Delimiter: "\t"
chr  (1): IID
dbl (40): pc_01, pc_02, pc_03, pc_04, pc_05, pc_06, pc_07, pc_08, pc_09, pc_...

ℹ Use `spec()` to retrieve the full column specification for this data.
ℹ Specify the column types or set `show_col_types = FALSE` to quiet this message.
[1] "Done with: correcting imputed tx for genetic PCs"
[1] "Done with: reading mph signature"
[1] "Done with: predicting drug response without scaling and approach 1"
[1] "Done with: reading genotypes file for tissue"
[1] "Done with: reading weights file for tissue"
[1] "Done with: imputing tx"
[1] "Done with: selecting targets"
[1] "Done with: not correcting tx for genetic PCs"
[1] "Done with: reading mph signature"
[1] "Done with: predicting drug response with scaling option and approach 1"
[1] "Done with: reading genotypes file for tissue"
[1] "Done with: reading weights file for tissue"
[1] "Done with: imputing tx"
[1] "Done with: selecting targets"
[1] "Done with: not correcting tx for genetic PCs"
[1] "Done with: reading mph signature"
[1] "Done with: predicting drug response with scaling option and approach 1"
[1] "Done with: reading genotypes file for tissue"
[1] "Done with: reading weights file for tissue"
[1] "Done with: imputing tx"
[1] "Done with: selecting targets"
[1] "Done with: not correcting tx for genetic PCs"
[1] "Done with: reading mph signature"
[1] "Done with: predicting drug response without scaling and approach 1"
[1] "Done with: reading genotypes file for tissue"
[1] "Done with: reading weights file for tissue"
[1] "Done with: imputing tx"
[1] "Done with: selecting targets"
[1] "Done with: not correcting tx for genetic PCs"
[1] "Done with: reading mph signature"
[1] "Done with: predicting drug response without scaling and approach 1"
[1] "Done with: reading genotypes file for celltype"
[1] "Done with: reading weights file for celltype"
[1] "Done with: imputing tx"
[1] "Done with: keeping all genes"
Rows: 88394 Columns: 41
── Column specification ────────────────────────────────────────────────────────
Delimiter: "\t"
chr  (1): IID
dbl (40): pc_01, pc_02, pc_03, pc_04, pc_05, pc_06, pc_07, pc_08, pc_09, pc_...

ℹ Use `spec()` to retrieve the full column specification for this data.
ℹ Specify the column types or set `show_col_types = FALSE` to quiet this message.
[1] "Done with: correcting imputed tx for genetic PCs"
[1] "Done with: reading mph signature"
[1] "Done with: predicting drug response with scaling option and approach 1"
[1] "Done with: reading genotypes file for celltype"
[1] "Done with: reading weights file for celltype"
[1] "Done with: imputing tx"
[1] "Done with: keeping all genes"
Rows: 88394 Columns: 41
── Column specification ────────────────────────────────────────────────────────
Delimiter: "\t"
chr  (1): IID
dbl (40): pc_01, pc_02, pc_03, pc_04, pc_05, pc_06, pc_07, pc_08, pc_09, pc_...

ℹ Use `spec()` to retrieve the full column specification for this data.
ℹ Specify the column types or set `show_col_types = FALSE` to quiet this message.
[1] "Done with: correcting imputed tx for genetic PCs"
[1] "Done with: reading mph signature"
[1] "Done with: predicting drug response with scaling option and approach 1"
[1] "Done with: reading genotypes file for celltype"
[1] "Done with: reading weights file for celltype"
[1] "Done with: imputing tx"
[1] "Done with: keeping all genes"
Rows: 88394 Columns: 41
── Column specification ────────────────────────────────────────────────────────
Delimiter: "\t"
chr  (1): IID
dbl (40): pc_01, pc_02, pc_03, pc_04, pc_05, pc_06, pc_07, pc_08, pc_09, pc_...

ℹ Use `spec()` to retrieve the full column specification for this data.
ℹ Specify the column types or set `show_col_types = FALSE` to quiet this message.
[1] "Done with: correcting imputed tx for genetic PCs"
[1] "Done with: reading mph signature"
[1] "Done with: predicting drug response without scaling and approach 1"
[1] "Done with: reading genotypes file for celltype"
[1] "Done with: reading weights file for celltype"
[1] "Done with: imputing tx"
[1] "Done with: keeping all genes"
Rows: 88394 Columns: 41
── Column specification ────────────────────────────────────────────────────────
Delimiter: "\t"
chr  (1): IID
dbl (40): pc_01, pc_02, pc_03, pc_04, pc_05, pc_06, pc_07, pc_08, pc_09, pc_...

ℹ Use `spec()` to retrieve the full column specification for this data.
ℹ Specify the column types or set `show_col_types = FALSE` to quiet this message.
[1] "Done with: correcting imputed tx for genetic PCs"
[1] "Done with: reading mph signature"
[1] "Done with: predicting drug response without scaling and approach 1"
[1] "Done with: reading genotypes file for celltype"
[1] "Done with: reading weights file for celltype"
[1] "Done with: imputing tx"
[1] "Done with: keeping all genes"
[1] "Done with: not correcting tx for genetic PCs"
[1] "Done with: reading mph signature"
[1] "Done with: predicting drug response with scaling option and approach 1"
[1] "Done with: reading genotypes file for celltype"
[1] "Done with: reading weights file for celltype"
[1] "Done with: imputing tx"
[1] "Done with: keeping all genes"
[1] "Done with: not correcting tx for genetic PCs"
[1] "Done with: reading mph signature"
[1] "Done with: predicting drug response with scaling option and approach 1"
[1] "Done with: reading genotypes file for celltype"
[1] "Done with: reading weights file for celltype"
[1] "Done with: imputing tx"
[1] "Done with: keeping all genes"
[1] "Done with: not correcting tx for genetic PCs"
[1] "Done with: reading mph signature"
[1] "Done with: predicting drug response without scaling and approach 1"
[1] "Done with: reading genotypes file for celltype"
[1] "Done with: reading weights file for celltype"
[1] "Done with: imputing tx"
[1] "Done with: keeping all genes"
[1] "Done with: not correcting tx for genetic PCs"
[1] "Done with: reading mph signature"
[1] "Done with: predicting drug response without scaling and approach 1"
There were 36 warnings (use warnings() to see them)
